2024-06-19 11:03:43,211 - INFO - [31m[1mWARNING: This is a development server. Do not use it in a production deployment. Use a production WSGI server instead.[0m
 * Running on http://127.0.0.1:5000
2024-06-19 11:03:43,211 - INFO - [33mPress CTRL+C to quit[0m
2024-06-19 11:04:00,559 - ERROR - Exception on /loaduser [GET]
Traceback (most recent call last):
  File "/Users/realmankwon/.pyenv/versions/3.12.2/envs/3.12/lib/python3.12/site-packages/flask/app.py", line 1473, in wsgi_app
    response = self.full_dispatch_request()
               ^^^^^^^^^^^^^^^^^^^^^^^^^^^^
  File "/Users/realmankwon/.pyenv/versions/3.12.2/envs/3.12/lib/python3.12/site-packages/flask/app.py", line 882, in full_dispatch_request
    rv = self.handle_user_exception(e)
         ^^^^^^^^^^^^^^^^^^^^^^^^^^^^^
  File "/Users/realmankwon/.pyenv/versions/3.12.2/envs/3.12/lib/python3.12/site-packages/flask_cors/extension.py", line 178, in wrapped_function
    return cors_after_request(app.make_response(f(*args, **kwargs)))
                                                ^^^^^^^^^^^^^^^^^^
  File "/Users/realmankwon/.pyenv/versions/3.12.2/envs/3.12/lib/python3.12/site-packages/flask/app.py", line 880, in full_dispatch_request
    rv = self.dispatch_request()
         ^^^^^^^^^^^^^^^^^^^^^^^
  File "/Users/realmankwon/.pyenv/versions/3.12.2/envs/3.12/lib/python3.12/site-packages/flask/app.py", line 865, in dispatch_request
    return self.ensure_sync(self.view_functions[rule.endpoint])(**view_args)  # type: ignore[no-any-return]
           ^^^^^^^^^^^^^^^^^^^^^^^^^^^^^^^^^^^^^^^^^^^^^^^^^^^^^^^^^^^^^^^^^
  File "/Users/realmankwon/Documents/project/opensource/nc_backend/api/app.py", line 244, in loaduser
    connection = get_db_connection()
                 ^^^^^^^^^^^^^^^^^^^
  File "/Users/realmankwon/Documents/project/opensource/nc_backend/api/app.py", line 74, in get_db_connection
    logging.debug(f"Attempting to connect to host: {config.host}")
                                                    ^^^^^^^^^^^
AttributeError: 'dict' object has no attribute 'host'
2024-06-19 11:04:00,563 - INFO - 127.0.0.1 - - [19/Jun/2024 11:04:00] "[35m[1mGET /loaduser?user=realmankwon.scot HTTP/1.1[0m" 500 -
